<?xml version="1.0" encoding="UTF-8"?>
<!-- Generated by org.testng.reporters.JUnitXMLReporter -->
<testsuite hostname="User-PC" ignored="0" name="Test" tests="3" failures="0" timestamp="17 Dec 2020 09:56:46 GMT" time="210.868" errors="0">
  <testcase name="converLeadtToOraganization" time="50.62" classname="com.vtiger.testscript.ConvertLeadsToOrganizationBySelectingAllCheckBoxTest"/>
  <testcase name="converByOrganizationCheckBox" time="22.296" classname="com.vtiger.testscript.ConvertLeadsToOrganizationBySelectOrganizatonCheckBoxTest"/>
  <testcase name="convertByOpportunityCheckBox" time="43.275" classname="com.vtiger.testscript.ConvertLeadsToOrganizationBySelectOpportunityCheckBoxTest"/>
</testsuite> <!-- Test -->
